<?xml version="1.0" encoding="UTF-8"?>
<!-- Generated by org.testng.reporters.JUnitReportReporter -->
<testsuite skipped="0" hostname="PC-20160813TYNM" name="com.excelTest.Baidutest" tests="20" failures="0" timestamp="11 Nov 2016 06:38:50 GMT" time="0.026" errors="0">
  <testcase name="A0_test3" time="0.004" classname="com.excelTest.Baidutest"/>
  <testcase name="test2" time="0.001" classname="com.excelTest.Baidutest"/>
  <testcase name="A0_test3" time="0.001" classname="com.excelTest.Baidutest"/>
  <testcase name="test2" time="0.000" classname="com.excelTest.Baidutest"/>
  <testcase name="test2" time="0.000" classname="com.excelTest.Baidutest"/>
  <testcase name="test1" time="0.001" classname="com.excelTest.Baidutest"/>
  <testcase name="A0_test3" time="0.001" classname="com.excelTest.Baidutest"/>
  <testcase name="test2" time="0.001" classname="com.excelTest.Baidutest"/>
  <testcase name="A0_test3" time="0.001" classname="com.excelTest.Baidutest"/>
  <testcase name="A0_test3" time="0.001" classname="com.excelTest.Baidutest"/>
  <testcase name="A0_test3" time="0.007" classname="com.excelTest.Baidutest"/>
  <testcase name="test2" time="0.001" classname="com.excelTest.Baidutest"/>
  <testcase name="A0_test3" time="0.000" classname="com.excelTest.Baidutest"/>
  <testcase name="test2" time="0.002" classname="com.excelTest.Baidutest"/>
  <testcase name="test2" time="0.001" classname="com.excelTest.Baidutest"/>
  <testcase name="A0_test3" time="0.001" classname="com.excelTest.Baidutest"/>
  <testcase name="test1" time="0.001" classname="com.excelTest.Baidutest"/>
  <testcase name="test2" time="0.001" classname="com.excelTest.Baidutest"/>
  <testcase name="test1" time="0.000" classname="com.excelTest.Baidutest"/>
  <testcase name="test1" time="0.001" classname="com.excelTest.Baidutest"/>
</testsuite> <!-- com.excelTest.Baidutest -->
