<?xml version="1.0" encoding="UTF-8"?>
<!-- Generated by org.testng.reporters.JUnitReportReporter -->
<testsuite skipped="0" hostname="PC-20160813TYNM" name="com.langTest.BooleanTest" tests="1" failures="0" timestamp="17 Jan 2018 04:02:46 GMT" time="0.007" errors="0">
  <testcase name="test" time="0.007" classname="com.langTest.BooleanTest"/>
</testsuite> <!-- com.langTest.BooleanTest -->
