<?xml version="1.0" encoding="UTF-8"?>
<!-- Generated by org.testng.reporters.JUnitReportReporter -->
<testsuite skipped="0" hostname="PC-20160813TYNM" name="com.javaUtilTest.SetTest" tests="1" failures="0" timestamp="25 Jan 2018 05:56:40 GMT" time="0.011" errors="0">
  <testcase name="testSet" time="0.011" classname="com.javaUtilTest.SetTest"/>
</testsuite> <!-- com.javaUtilTest.SetTest -->
