<?xml version="1.0" encoding="UTF-8"?>
<!-- Generated by org.testng.reporters.JUnitReportReporter -->
<testsuite skipped="0" hostname="PC-20160813TYNM" name="com.langTest.MathTest" tests="1" failures="0" timestamp="17 Jan 2018 07:33:21 GMT" time="0.009" errors="0">
  <testcase name="testMath" time="0.009" classname="com.langTest.MathTest"/>
</testsuite> <!-- com.langTest.MathTest -->
