<?xml version="1.0" encoding="UTF-8"?>
<!-- Generated by org.testng.reporters.JUnitReportReporter -->
<testsuite skipped="0" hostname="PC-20160813TYNM" name="com.langTest.ClassTest" tests="1" failures="0" timestamp="17 Jan 2018 07:52:26 GMT" time="0.008" errors="0">
  <testcase name="testObject" time="0.008" classname="com.langTest.ClassTest"/>
</testsuite> <!-- com.langTest.ClassTest -->
