<?xml version="1.0" encoding="UTF-8"?>
<!-- Generated by org.testng.reporters.JUnitReportReporter -->
<testsuite skipped="0" hostname="PC-20160813TYNM" name="com.javaTestSix.WifeTest" tests="10" failures="0" timestamp="17 Jan 2018 02:08:43 GMT" time="0.058" errors="0">
  <testcase name="test" time="0.011" classname="com.javaTestSix.WifeTest"/>
  <testcase name="test" time="0.006" classname="com.javaTestSix.WifeTest"/>
  <testcase name="test" time="0.001" classname="com.javaTestSix.WifeTest"/>
  <testcase name="test" time="0.008" classname="com.javaTestSix.WifeTest"/>
  <testcase name="test" time="0.011" classname="com.javaTestSix.WifeTest"/>
  <testcase name="test" time="0.005" classname="com.javaTestSix.WifeTest"/>
  <testcase name="test" time="0.003" classname="com.javaTestSix.WifeTest"/>
  <testcase name="test" time="0.011" classname="com.javaTestSix.WifeTest"/>
  <testcase name="test" time="0.001" classname="com.javaTestSix.WifeTest"/>
  <testcase name="test" time="0.001" classname="com.javaTestSix.WifeTest"/>
</testsuite> <!-- com.javaTestSix.WifeTest -->
