<?xml version="1.0" encoding="UTF-8"?>
<!-- Generated by org.testng.reporters.JUnitReportReporter -->
<testsuite skipped="0" hostname="PC-20160813TYNM" name="com.langTest.CharacterTest" tests="1" failures="0" timestamp="17 Jan 2018 03:45:40 GMT" time="0.008" errors="0">
  <testcase name="test" time="0.008" classname="com.langTest.CharacterTest"/>
</testsuite> <!-- com.langTest.CharacterTest -->
