<?xml version="1.0" encoding="UTF-8"?>
<!-- Generated by org.testng.reporters.JUnitReportReporter -->
<testsuite skipped="0" hostname="PC-20160813TYNM" name="com.javaUtilTest.UtilsTest" tests="1" failures="0" timestamp="19 Jan 2018 10:06:20 GMT" time="0.007" errors="0">
  <testcase name="testRandom" time="0.007" classname="com.javaUtilTest.UtilsTest"/>
</testsuite> <!-- com.javaUtilTest.UtilsTest -->
