<?xml version="1.0" encoding="UTF-8"?>
<!-- Generated by org.testng.reporters.JUnitReportReporter -->
<testsuite skipped="0" hostname="PC-20160813TYNM" name="com.testNg.testCaseTwoTest" tests="4" failures="0" timestamp="26 Oct 2016 03:41:23 GMT" time="0.015" errors="0">
  <testcase name="B2_test" time="0.002" classname="com.testNg.testCaseTwoTest"/>
  <testcase name="B3_test" time="0.003" classname="com.testNg.testCaseTwoTest"/>
  <testcase name="B1_test" time="0.004" classname="com.testNg.testCaseTwoTest"/>
  <testcase name="B0_test" time="0.006" classname="com.testNg.testCaseTwoTest"/>
</testsuite> <!-- com.testNg.testCaseTwoTest -->
