<?xml version="1.0" encoding="UTF-8"?>
<!-- Generated by org.testng.reporters.JUnitReportReporter -->
<testsuite skipped="0" hostname="PC-20160813TYNM" name="com.javaTestFive.VideoTest" tests="1" failures="0" timestamp="16 Jan 2018 09:45:50 GMT" time="0.007" errors="0">
  <testcase name="test" time="0.007" classname="com.javaTestFive.VideoTest"/>
</testsuite> <!-- com.javaTestFive.VideoTest -->
