<?xml version="1.0" encoding="UTF-8"?>
<!-- Generated by org.testng.reporters.JUnitReportReporter -->
<testsuite skipped="0" hostname="PC-20160813TYNM" name="com.langTest.StringTest" tests="2" failures="0" timestamp="17 Jan 2018 07:30:50 GMT" time="0.010" errors="0">
  <testcase name="TestString" time="0.008" classname="com.langTest.StringTest"/>
  <testcase name="TestStringBuffer" time="0.002" classname="com.langTest.StringTest"/>
</testsuite> <!-- com.langTest.StringTest -->
