<?xml version="1.0" encoding="UTF-8"?>
<!-- Generated by org.testng.reporters.JUnitReportReporter -->
<testsuite skipped="0" hostname="PC-20160813TYNM" name="com.excelTest.excelTest" tests="8" failures="0" timestamp="11 Nov 2016 07:06:10 GMT" time="0.019" errors="0">
  <testcase name="test3" time="0.001" classname="com.excelTest.excelTest"/>
  <testcase name="test3" time="0.001" classname="com.excelTest.excelTest"/>
  <testcase name="test3" time="0.002" classname="com.excelTest.excelTest"/>
  <testcase name="test3" time="0.001" classname="com.excelTest.excelTest"/>
  <testcase name="test3" time="0.001" classname="com.excelTest.excelTest"/>
  <testcase name="test3" time="0.001" classname="com.excelTest.excelTest"/>
  <testcase name="test3" time="0.005" classname="com.excelTest.excelTest"/>
  <testcase name="test3" time="0.007" classname="com.excelTest.excelTest"/>
</testsuite> <!-- com.excelTest.excelTest -->
