<?xml version="1.0" encoding="UTF-8"?>
<!-- Generated by org.testng.reporters.JUnitReportReporter -->
<testsuite skipped="0" hostname="PC-20160813TYNM" name="com.javaTestFour.GirlTest" tests="1" failures="0" timestamp="12 Jan 2018 05:41:38 GMT" time="0.011" errors="0">
  <testcase name="test" time="0.011" classname="com.javaTestFour.GirlTest"/>
</testsuite> <!-- com.javaTestFour.GirlTest -->
