<?xml version="1.0" encoding="UTF-8"?>
<!-- Generated by org.testng.reporters.JUnitReportReporter -->
<testsuite skipped="0" hostname="PC-20160813TYNM" name="com.javaTest.HumanFactoryTest" tests="7" failures="0" timestamp="11 Jan 2018 06:57:38 GMT" time="0.021" errors="0">
  <testcase name="createFemaleTest" time="0.009" classname="com.javaTest.HumanFactoryTest"/>
  <testcase name="createStaticFemaleTest" time="0.002" classname="com.javaTest.HumanFactoryTest"/>
  <testcase name="createStaticMaleTest" time="0.004" classname="com.javaTest.HumanFactoryTest"/>
  <testcase name="femaleTest" time="0.001" classname="com.javaTest.HumanFactoryTest"/>
  <testcase name="createMaleTest" time="0.003" classname="com.javaTest.HumanFactoryTest"/>
  <testcase name="maleTest" time="0.001" classname="com.javaTest.HumanFactoryTest"/>
  <testcase name="otherTest" time="0.001" classname="com.javaTest.HumanFactoryTest"/>
</testsuite> <!-- com.javaTest.HumanFactoryTest -->
