<?xml version="1.0" encoding="UTF-8"?>
<!-- Generated by org.testng.reporters.JUnitReportReporter -->
<testsuite skipped="0" hostname="PC-20160813TYNM" name="com.testNg.classTest" tests="2" failures="0" timestamp="2 Mar 2017 09:42:43 GMT" time="0.006" errors="0">
  <testcase name="testDataTest" time="0.001" classname="com.testNg.classTest"/>
  <testcase name="classTest" time="0.005" classname="com.testNg.classTest"/>
</testsuite> <!-- com.testNg.classTest -->
