<?xml version="1.0" encoding="UTF-8"?>
<!-- Generated by org.testng.reporters.JUnitReportReporter -->
<testsuite skipped="0" hostname="PC-20160813TYNM" name="com.testNg.testCaseOneTest" tests="4" failures="0" timestamp="26 Oct 2016 03:41:23 GMT" time="0.013" errors="0">
  <testcase name="A3_test" time="0.002" classname="com.testNg.testCaseOneTest"/>
  <testcase name="A0_test" time="0.005" classname="com.testNg.testCaseOneTest"/>
  <testcase name="A1_test" time="0.001" classname="com.testNg.testCaseOneTest"/>
  <testcase name="A2_test" time="0.005" classname="com.testNg.testCaseOneTest"/>
</testsuite> <!-- com.testNg.testCaseOneTest -->
