<?xml version="1.0" encoding="UTF-8"?>
<!-- Generated by org.testng.reporters.JUnitReportReporter -->
<testsuite skipped="0" hostname="PC-20160813TYNM" name="com.javaUtilTest.ObjectTest" tests="1" failures="0" timestamp="30 Jan 2018 03:12:03 GMT" time="0.010" errors="0">
  <testcase name="testObject" time="0.010" classname="com.javaUtilTest.ObjectTest"/>
</testsuite> <!-- com.javaUtilTest.ObjectTest -->
