<?xml version="1.0" encoding="UTF-8"?>
<!-- Generated by org.testng.reporters.JUnitReportReporter -->
<testsuite skipped="0" hostname="PC-20160813TYNM" name="httpTest.HttpClientGetTest" tests="1" failures="0" timestamp="27 Dec 2016 07:19:53 GMT" time="0.354" errors="0">
  <testcase name="httpGetNoParTest" time="0.354" classname="httpTest.HttpClientGetTest"/>
</testsuite> <!-- httpTest.HttpClientGetTest -->
