<?xml version="1.0" encoding="UTF-8"?>
<!-- Generated by org.testng.reporters.JUnitReportReporter -->
<testsuite skipped="0" hostname="PC-20160813TYNM" name="com.test.beanShellJava" tests="1" failures="0" timestamp="12 Mar 2018 08:57:39 GMT" time="0.033" errors="0">
  <testcase name="testx" time="0.033" classname="com.test.beanShellJava"/>
</testsuite> <!-- com.test.beanShellJava -->
