<?xml version="1.0" encoding="UTF-8"?>
<!-- Generated by org.testng.reporters.JUnitReportReporter -->
<testsuite skipped="0" hostname="PC-20160813TYNM" name="com.javaTestThree.HomeChargeTest" tests="1" failures="0" timestamp="11 Jan 2018 08:55:04 GMT" time="0.010" errors="0">
  <testcase name="homeEnPluginChargeTest" time="0.010" classname="com.javaTestThree.HomeChargeTest"/>
</testsuite> <!-- com.javaTestThree.HomeChargeTest -->
