<?xml version="1.0" encoding="UTF-8"?>
<!-- Generated by org.testng.reporters.JUnitReportReporter -->
<testsuite skipped="0" hostname="PC-20160813TYNM" name="com.javaTestTwo.FoodaholicTest" tests="2" failures="0" timestamp="11 Jan 2018 08:07:11 GMT" time="0.013" errors="0">
  <testcase name="akithenFactorytest" time="0.011" classname="com.javaTestTwo.FoodaholicTest"/>
  <testcase name="bkithenFactorytest" time="0.002" classname="com.javaTestTwo.FoodaholicTest"/>
</testsuite> <!-- com.javaTestTwo.FoodaholicTest -->
