<?xml version="1.0" encoding="UTF-8"?>
<!-- Generated by org.testng.reporters.JUnitReportReporter -->
<testsuite skipped="0" hostname="PC-20160813TYNM" name="com.javaUtilTest.MapTest" tests="1" failures="0" timestamp="26 Jan 2018 03:44:06 GMT" time="42.052" errors="0">
  <testcase name="testInput" time="42.052" classname="com.javaUtilTest.MapTest"/>
</testsuite> <!-- com.javaUtilTest.MapTest -->
