<?xml version="1.0" encoding="UTF-8"?>
<!-- Generated by org.testng.reporters.JUnitReportReporter -->
<testsuite skipped="0" hostname="PC-20160813TYNM" name="com.javaUtilTest.FileReaderTest" tests="1" failures="0" timestamp="29 Jan 2018 10:04:28 GMT" time="0.008" errors="0">
  <testcase name="testFile" time="0.008" classname="com.javaUtilTest.FileReaderTest"/>
</testsuite> <!-- com.javaUtilTest.FileReaderTest -->
