<?xml version="1.0" encoding="UTF-8"?>
<!-- Generated by org.testng.reporters.JUnitReportReporter -->
<testsuite skipped="0" hostname="PC-20160813TYNM" name="com.javaUtilTest.CollectionsTest" tests="1" failures="0" timestamp="23 Jan 2018 10:11:23 GMT" time="0.008" errors="0">
  <testcase name="testList" time="0.008" classname="com.javaUtilTest.CollectionsTest"/>
</testsuite> <!-- com.javaUtilTest.CollectionsTest -->
